\BOOKMARK [1][-]{section.1}{\376\377\000I\000n\000t\000r\000o\000d\000u\000c\000t\000i\000o\000n}{}% 1
\BOOKMARK [1][-]{section.2}{\376\377\000M\000a\000t\000h\000e\000m\000a\000t\000i\000c\000a\000l\000\040\000F\000o\000u\000n\000d\000a\000t\000i\000o\000n\000s\000\040\000o\000f\000\040\000P\000a\000i\000r\000s\000\040\000T\000r\000a\000d\000i\000n\000g}{}% 2
\BOOKMARK [2][-]{subsection.2.1}{\376\377\000S\000t\000o\000c\000h\000a\000s\000t\000i\000c\000\040\000P\000r\000o\000c\000e\000s\000s\000e\000s\000\040\000a\000n\000d\000\040\000A\000s\000s\000e\000t\000\040\000P\000r\000i\000c\000i\000n\000g}{section.2}% 3
\BOOKMARK [2][-]{subsection.2.2}{\376\377\000C\000o\000i\000n\000t\000e\000g\000r\000a\000t\000i\000o\000n\000\040\000a\000n\000d\000\040\000t\000h\000e\000\040\000E\000n\000g\000l\000e\000-\000G\000r\000a\000n\000g\000e\000r\000\040\000M\000e\000t\000h\000o\000d}{section.2}% 4
\BOOKMARK [2][-]{subsection.2.3}{\376\377\000M\000o\000d\000e\000l\000i\000n\000g\000\040\000t\000h\000e\000\040\000S\000p\000r\000e\000a\000d\000\040\000a\000s\000\040\000a\000n\000\040\000O\000r\000n\000s\000t\000e\000i\000n\000-\000U\000h\000l\000e\000n\000b\000e\000c\000k\000\040\000P\000r\000o\000c\000e\000s\000s}{section.2}% 5
\BOOKMARK [2][-]{subsection.2.4}{\376\377\000C\000a\000u\000s\000a\000l\000i\000t\000y\000\040\000v\000s\000.\000\040\000C\000o\000r\000r\000e\000l\000a\000t\000i\000o\000n}{section.2}% 6
\BOOKMARK [1][-]{section.3}{\376\377\000S\000i\000g\000n\000a\000l\000\040\000G\000e\000n\000e\000r\000a\000t\000i\000o\000n\000\040\000a\000n\000d\000\040\000R\000i\000s\000k\000\040\000M\000a\000n\000a\000g\000e\000m\000e\000n\000t}{}% 7
\BOOKMARK [2][-]{subsection.3.1}{\376\377\000D\000y\000n\000a\000m\000i\000c\000\040\000Z\000-\000S\000c\000o\000r\000e\000\040\000S\000i\000g\000n\000a\000l\000s}{section.3}% 8
\BOOKMARK [2][-]{subsection.3.2}{\376\377\000I\000n\000v\000e\000r\000s\000e\000\040\000V\000o\000l\000a\000t\000i\000l\000i\000t\000y\000\040\000P\000o\000s\000i\000t\000i\000o\000n\000\040\000S\000i\000z\000i\000n\000g}{section.3}% 9
\BOOKMARK [2][-]{subsection.3.3}{\376\377\000R\000i\000s\000k\000\040\000M\000a\000n\000a\000g\000e\000m\000e\000n\000t\000\040\000O\000v\000e\000r\000l\000a\000y\000s}{section.3}% 10
\BOOKMARK [1][-]{section.4}{\376\377\000S\000o\000f\000t\000w\000a\000r\000e\000\040\000A\000r\000c\000h\000i\000t\000e\000c\000t\000u\000r\000e\000\040\000a\000n\000d\000\040\000I\000m\000p\000l\000e\000m\000e\000n\000t\000a\000t\000i\000o\000n}{}% 11
\BOOKMARK [2][-]{subsection.4.1}{\376\377\000D\000a\000t\000a\000\040\000I\000n\000g\000e\000s\000t\000i\000o\000n\000:\000\040\000D\000a\000t\000a\000D\000o\000w\000n\000l\000o\000a\000d\000e\000r}{section.4}% 12
\BOOKMARK [2][-]{subsection.4.2}{\376\377\000P\000a\000i\000r\000\040\000I\000d\000e\000n\000t\000i\000f\000i\000c\000a\000t\000i\000o\000n\000:\000\040\000P\000a\000i\000r\000I\000d\000e\000n\000t\000i\000f\000i\000c\000a\000t\000i\000o\000n\000E\000n\000g\000i\000n\000e}{section.4}% 13
\BOOKMARK [2][-]{subsection.4.3}{\376\377\000S\000i\000g\000n\000a\000l\000\040\000G\000e\000n\000e\000r\000a\000t\000i\000o\000n\000:\000\040\000P\000a\000i\000r\000S\000i\000g\000n\000a\000l\000E\000n\000g\000i\000n\000e}{section.4}% 14
\BOOKMARK [2][-]{subsection.4.4}{\376\377\000R\000i\000s\000k\000\040\000M\000a\000n\000a\000g\000e\000m\000e\000n\000t\000:\000\040\000P\000a\000i\000r\000R\000i\000s\000k\000E\000n\000g\000i\000n\000e}{section.4}% 15
\BOOKMARK [2][-]{subsection.4.5}{\376\377\000B\000a\000c\000k\000t\000e\000s\000t\000i\000n\000g\000\040\000E\000x\000e\000c\000u\000t\000i\000o\000n\000:\000\040\000P\000a\000i\000r\000B\000a\000c\000k\000t\000e\000s\000t\000E\000n\000g\000i\000n\000e}{section.4}% 16
\BOOKMARK [1][-]{section.5}{\376\377\000E\000x\000p\000e\000r\000i\000m\000e\000n\000t\000a\000l\000\040\000D\000e\000s\000i\000g\000n\000\040\000a\000n\000d\000\040\000E\000m\000p\000i\000r\000i\000c\000a\000l\000\040\000R\000e\000s\000u\000l\000t\000s}{}% 17
\BOOKMARK [2][-]{subsection.5.1}{\376\377\000D\000a\000t\000a\000\040\000a\000n\000d\000\040\000E\000n\000v\000i\000r\000o\000n\000m\000e\000n\000t}{section.5}% 18
\BOOKMARK [2][-]{subsection.5.2}{\376\377\000P\000a\000i\000r\000\040\000S\000e\000l\000e\000c\000t\000i\000o\000n\000\040\000R\000e\000s\000u\000l\000t\000s}{section.5}% 19
\BOOKMARK [2][-]{subsection.5.3}{\376\377\000O\000v\000e\000r\000a\000l\000l\000\040\000P\000e\000r\000f\000o\000r\000m\000a\000n\000c\000e\000\040\000C\000o\000m\000p\000a\000r\000i\000s\000o\000n}{section.5}% 20
\BOOKMARK [2][-]{subsection.5.4}{\376\377\000D\000e\000t\000a\000i\000l\000e\000d\000\040\000V\000i\000s\000u\000a\000l\000\040\000A\000n\000a\000l\000y\000s\000i\000s}{section.5}% 21
\BOOKMARK [1][-]{section.6}{\376\377\000E\000x\000t\000e\000n\000d\000e\000d\000\040\000T\000h\000e\000o\000r\000e\000t\000i\000c\000a\000l\000\040\000F\000r\000a\000m\000e\000w\000o\000r\000k\000\040\000a\000n\000d\000\040\000F\000u\000t\000u\000r\000e\000\040\000O\000p\000t\000i\000m\000i\000z\000a\000t\000i\000o\000n}{}% 22
\BOOKMARK [2][-]{subsection.6.1}{\376\377\000M\000a\000x\000i\000m\000u\000m\000\040\000L\000i\000k\000e\000l\000i\000h\000o\000o\000d\000\040\000E\000s\000t\000i\000m\000a\000t\000i\000o\000n\000\040\000o\000f\000\040\000t\000h\000e\000\040\000O\000U\000\040\000P\000r\000o\000c\000e\000s\000s}{section.6}% 23
\BOOKMARK [2][-]{subsection.6.2}{\376\377\000F\000u\000t\000u\000r\000e\000\040\000E\000x\000t\000e\000n\000s\000i\000o\000n\000:\000\040\000O\000p\000t\000i\000m\000a\000l\000\040\000P\000o\000s\000i\000t\000i\000o\000n\000\040\000S\000i\000z\000i\000n\000g\000\040\000v\000i\000a\000\040\000t\000h\000e\000\040\000K\000e\000l\000l\000y\000\040\000C\000r\000i\000t\000e\000r\000i\000o\000n}{section.6}% 24
\BOOKMARK [2][-]{subsection.6.3}{\376\377\000F\000u\000t\000u\000r\000e\000\040\000E\000x\000t\000e\000n\000s\000i\000o\000n\000:\000\040\000N\000o\000n\000-\000l\000i\000n\000e\000a\000r\000\040\000T\000r\000a\000n\000s\000a\000c\000t\000i\000o\000n\000\040\000C\000o\000s\000t\000\040\000M\000o\000d\000e\000l\000i\000n\000g}{section.6}% 25
\BOOKMARK [1][-]{section.7}{\376\377\000E\000x\000t\000e\000n\000d\000e\000d\000\040\000V\000i\000s\000u\000a\000l\000i\000z\000a\000t\000i\000o\000n\000\040\000A\000n\000a\000l\000y\000s\000i\000s}{}% 26
\BOOKMARK [2][-]{subsection.7.1}{\376\377\000S\000t\000r\000u\000c\000t\000u\000r\000a\000l\000\040\000B\000r\000e\000a\000k\000\040\000D\000e\000t\000e\000c\000t\000i\000o\000n}{section.7}% 27
\BOOKMARK [2][-]{subsection.7.2}{\376\377\000E\000x\000p\000o\000s\000u\000r\000e\000\040\000U\000t\000i\000l\000i\000z\000a\000t\000i\000o\000n\000\040\000a\000n\000d\000\040\000R\000i\000s\000k\000\040\000C\000a\000p\000i\000t\000a\000l\000\040\000A\000l\000l\000o\000c\000a\000t\000i\000o\000n}{section.7}% 28
\BOOKMARK [1][-]{section.8}{\376\377\000C\000o\000n\000c\000l\000u\000s\000i\000o\000n\000\040\000a\000n\000d\000\040\000F\000u\000t\000u\000r\000e\000\040\000W\000o\000r\000k}{}% 29
